<?xml version="1.0" encoding="UTF-8"?>
<testsuite xmlns:xsi="http://www.w3.org/2001/XMLSchema-instance" xsi:noNamespaceSchemaLocation="https://maven.apache.org/surefire/maven-surefire-plugin/xsd/surefire-test-report-3.0.xsd" version="3.0" name="cucumberOptions.TestRunner" time="1.699" tests="2" errors="0" skipped="0" failures="0">
  <properties>
    <property name="java.specification.version" value="22"/>
    <property name="sun.cpu.isalist" value="amd64"/>
    <property name="sun.jnu.encoding" value="Cp1252"/>
    <property name="java.class.path" value="C:\Users\LAPTOPS24\Documents\GitHub\CucumberBDDAutomation\target\test-classes;C:\Users\LAPTOPS24\Documents\GitHub\CucumberBDDAutomation\target\classes;C:\Users\LAPTOPS24\.m2\repository\junit\junit\4.13.2\junit-4.13.2.jar;C:\Users\LAPTOPS24\.m2\repository\org\hamcrest\hamcrest-core\1.3\hamcrest-core-1.3.jar;C:\Users\LAPTOPS24\.m2\repository\io\rest-assured\rest-assured\5.5.6\rest-assured-5.5.6.jar;C:\Users\LAPTOPS24\.m2\repository\org\apache\groovy\groovy\4.0.22\groovy-4.0.22.jar;C:\Users\LAPTOPS24\.m2\repository\org\apache\groovy\groovy-xml\4.0.22\groovy-xml-4.0.22.jar;C:\Users\LAPTOPS24\.m2\repository\org\apache\httpcomponents\httpclient\4.5.13\httpclient-4.5.13.jar;C:\Users\LAPTOPS24\.m2\repository\org\apache\httpcomponents\httpcore\4.4.13\httpcore-4.4.13.jar;C:\Users\LAPTOPS24\.m2\repository\commons-logging\commons-logging\1.2\commons-logging-1.2.jar;C:\Users\LAPTOPS24\.m2\repository\commons-codec\commons-codec\1.11\commons-codec-1.11.jar;C:\Users\LAPTOPS24\.m2\repository\org\apache\httpcomponents\httpmime\4.5.13\httpmime-4.5.13.jar;C:\Users\LAPTOPS24\.m2\repository\org\hamcrest\hamcrest\2.2\hamcrest-2.2.jar;C:\Users\LAPTOPS24\.m2\repository\org\ccil\cowan\tagsoup\tagsoup\1.2.1\tagsoup-1.2.1.jar;C:\Users\LAPTOPS24\.m2\repository\io\rest-assured\json-path\5.5.6\json-path-5.5.6.jar;C:\Users\LAPTOPS24\.m2\repository\org\apache\groovy\groovy-json\4.0.22\groovy-json-4.0.22.jar;C:\Users\LAPTOPS24\.m2\repository\io\rest-assured\rest-assured-common\5.5.6\rest-assured-common-5.5.6.jar;C:\Users\LAPTOPS24\.m2\repository\io\rest-assured\xml-path\5.5.6\xml-path-5.5.6.jar;C:\Users\LAPTOPS24\.m2\repository\org\apache\commons\commons-lang3\3.18.0\commons-lang3-3.18.0.jar;C:\Users\LAPTOPS24\.m2\repository\io\cucumber\cucumber-java\7.30.0\cucumber-java-7.30.0.jar;C:\Users\LAPTOPS24\.m2\repository\io\cucumber\cucumber-core\7.30.0\cucumber-core-7.30.0.jar;C:\Users\LAPTOPS24\.m2\repository\io\cucumber\cucumber-gherkin\7.30.0\cucumber-gherkin-7.30.0.jar;C:\Users\LAPTOPS24\.m2\repository\io\cucumber\cucumber-gherkin-messages\7.30.0\cucumber-gherkin-messages-7.30.0.jar;C:\Users\LAPTOPS24\.m2\repository\io\cucumber\gherkin\35.1.0\gherkin-35.1.0.jar;C:\Users\LAPTOPS24\.m2\repository\org\assertj\assertj-core\3.27.5\assertj-core-3.27.5.jar;C:\Users\LAPTOPS24\.m2\repository\net\bytebuddy\byte-buddy\1.17.7\byte-buddy-1.17.7.jar;C:\Users\LAPTOPS24\.m2\repository\io\cucumber\messages\29.0.1\messages-29.0.1.jar;C:\Users\LAPTOPS24\.m2\repository\io\cucumber\pretty-formatter\2.3.0\pretty-formatter-2.3.0.jar;C:\Users\LAPTOPS24\.m2\repository\io\cucumber\query\14.5.0\query-14.5.0.jar;C:\Users\LAPTOPS24\.m2\repository\io\cucumber\teamcity-formatter\0.1.1\teamcity-formatter-0.1.1.jar;C:\Users\LAPTOPS24\.m2\repository\io\cucumber\testng-xml-formatter\0.6.0\testng-xml-formatter-0.6.0.jar;C:\Users\LAPTOPS24\.m2\repository\io\cucumber\tag-expressions\6.1.2\tag-expressions-6.1.2.jar;C:\Users\LAPTOPS24\.m2\repository\io\cucumber\cucumber-expressions\18.0.1\cucumber-expressions-18.0.1.jar;C:\Users\LAPTOPS24\.m2\repository\io\cucumber\cucumber-json-formatter\0.2.1\cucumber-json-formatter-0.2.1.jar;C:\Users\LAPTOPS24\.m2\repository\io\cucumber\datatable\7.30.0\datatable-7.30.0.jar;C:\Users\LAPTOPS24\.m2\repository\io\cucumber\cucumber-plugin\7.30.0\cucumber-plugin-7.30.0.jar;C:\Users\LAPTOPS24\.m2\repository\io\cucumber\docstring\7.30.0\docstring-7.30.0.jar;C:\Users\LAPTOPS24\.m2\repository\io\cucumber\html-formatter\21.15.1\html-formatter-21.15.1.jar;C:\Users\LAPTOPS24\.m2\repository\io\cucumber\junit-xml-formatter\0.9.0\junit-xml-formatter-0.9.0.jar;C:\Users\LAPTOPS24\.m2\repository\io\cucumber\ci-environment\10.0.1\ci-environment-10.0.1.jar;C:\Users\LAPTOPS24\.m2\repository\org\apiguardian\apiguardian-api\1.1.2\apiguardian-api-1.1.2.jar;C:\Users\LAPTOPS24\.m2\repository\io\cucumber\cucumber-junit\7.30.0\cucumber-junit-7.30.0.jar;C:\Users\LAPTOPS24\.m2\repository\com\fasterxml\jackson\core\jackson-databind\2.20.0\jackson-databind-2.20.0.jar;C:\Users\LAPTOPS24\.m2\repository\com\fasterxml\jackson\core\jackson-annotations\2.20\jackson-annotations-2.20.jar;C:\Users\LAPTOPS24\.m2\repository\com\fasterxml\jackson\core\jackson-core\2.20.0\jackson-core-2.20.0.jar;"/>
    <property name="java.vm.vendor" value="Amazon.com Inc."/>
    <property name="sun.arch.data.model" value="64"/>
    <property name="user.variant" value=""/>
    <property name="java.vendor.url" value="https://aws.amazon.com/corretto/"/>
    <property name="user.timezone" value="Asia/Calcutta"/>
    <property name="os.name" value="Windows 11"/>
    <property name="java.vm.specification.version" value="22"/>
    <property name="user.country" value="IN"/>
    <property name="sun.java.launcher" value="SUN_STANDARD"/>
    <property name="sun.boot.library.path" value="C:\Users\LAPTOPS24\.jdks\corretto-22.0.2\bin"/>
    <property name="sun.java.command" value="C:\Users\LAPTOPS24\AppData\Local\Temp\surefire516525014188301105\surefirebooter-20251014114418169_3.jar C:\Users\LAPTOPS24\AppData\Local\Temp\surefire516525014188301105 2025-10-14T11-44-17_874-jvmRun1 surefire-20251014114418169_1tmp surefire_0-20251014114418169_2tmp"/>
    <property name="jdk.debug" value="release"/>
    <property name="surefire.test.class.path" value="C:\Users\LAPTOPS24\Documents\GitHub\CucumberBDDAutomation\target\test-classes;C:\Users\LAPTOPS24\Documents\GitHub\CucumberBDDAutomation\target\classes;C:\Users\LAPTOPS24\.m2\repository\junit\junit\4.13.2\junit-4.13.2.jar;C:\Users\LAPTOPS24\.m2\repository\org\hamcrest\hamcrest-core\1.3\hamcrest-core-1.3.jar;C:\Users\LAPTOPS24\.m2\repository\io\rest-assured\rest-assured\5.5.6\rest-assured-5.5.6.jar;C:\Users\LAPTOPS24\.m2\repository\org\apache\groovy\groovy\4.0.22\groovy-4.0.22.jar;C:\Users\LAPTOPS24\.m2\repository\org\apache\groovy\groovy-xml\4.0.22\groovy-xml-4.0.22.jar;C:\Users\LAPTOPS24\.m2\repository\org\apache\httpcomponents\httpclient\4.5.13\httpclient-4.5.13.jar;C:\Users\LAPTOPS24\.m2\repository\org\apache\httpcomponents\httpcore\4.4.13\httpcore-4.4.13.jar;C:\Users\LAPTOPS24\.m2\repository\commons-logging\commons-logging\1.2\commons-logging-1.2.jar;C:\Users\LAPTOPS24\.m2\repository\commons-codec\commons-codec\1.11\commons-codec-1.11.jar;C:\Users\LAPTOPS24\.m2\repository\org\apache\httpcomponents\httpmime\4.5.13\httpmime-4.5.13.jar;C:\Users\LAPTOPS24\.m2\repository\org\hamcrest\hamcrest\2.2\hamcrest-2.2.jar;C:\Users\LAPTOPS24\.m2\repository\org\ccil\cowan\tagsoup\tagsoup\1.2.1\tagsoup-1.2.1.jar;C:\Users\LAPTOPS24\.m2\repository\io\rest-assured\json-path\5.5.6\json-path-5.5.6.jar;C:\Users\LAPTOPS24\.m2\repository\org\apache\groovy\groovy-json\4.0.22\groovy-json-4.0.22.jar;C:\Users\LAPTOPS24\.m2\repository\io\rest-assured\rest-assured-common\5.5.6\rest-assured-common-5.5.6.jar;C:\Users\LAPTOPS24\.m2\repository\io\rest-assured\xml-path\5.5.6\xml-path-5.5.6.jar;C:\Users\LAPTOPS24\.m2\repository\org\apache\commons\commons-lang3\3.18.0\commons-lang3-3.18.0.jar;C:\Users\LAPTOPS24\.m2\repository\io\cucumber\cucumber-java\7.30.0\cucumber-java-7.30.0.jar;C:\Users\LAPTOPS24\.m2\repository\io\cucumber\cucumber-core\7.30.0\cucumber-core-7.30.0.jar;C:\Users\LAPTOPS24\.m2\repository\io\cucumber\cucumber-gherkin\7.30.0\cucumber-gherkin-7.30.0.jar;C:\Users\LAPTOPS24\.m2\repository\io\cucumber\cucumber-gherkin-messages\7.30.0\cucumber-gherkin-messages-7.30.0.jar;C:\Users\LAPTOPS24\.m2\repository\io\cucumber\gherkin\35.1.0\gherkin-35.1.0.jar;C:\Users\LAPTOPS24\.m2\repository\org\assertj\assertj-core\3.27.5\assertj-core-3.27.5.jar;C:\Users\LAPTOPS24\.m2\repository\net\bytebuddy\byte-buddy\1.17.7\byte-buddy-1.17.7.jar;C:\Users\LAPTOPS24\.m2\repository\io\cucumber\messages\29.0.1\messages-29.0.1.jar;C:\Users\LAPTOPS24\.m2\repository\io\cucumber\pretty-formatter\2.3.0\pretty-formatter-2.3.0.jar;C:\Users\LAPTOPS24\.m2\repository\io\cucumber\query\14.5.0\query-14.5.0.jar;C:\Users\LAPTOPS24\.m2\repository\io\cucumber\teamcity-formatter\0.1.1\teamcity-formatter-0.1.1.jar;C:\Users\LAPTOPS24\.m2\repository\io\cucumber\testng-xml-formatter\0.6.0\testng-xml-formatter-0.6.0.jar;C:\Users\LAPTOPS24\.m2\repository\io\cucumber\tag-expressions\6.1.2\tag-expressions-6.1.2.jar;C:\Users\LAPTOPS24\.m2\repository\io\cucumber\cucumber-expressions\18.0.1\cucumber-expressions-18.0.1.jar;C:\Users\LAPTOPS24\.m2\repository\io\cucumber\cucumber-json-formatter\0.2.1\cucumber-json-formatter-0.2.1.jar;C:\Users\LAPTOPS24\.m2\repository\io\cucumber\datatable\7.30.0\datatable-7.30.0.jar;C:\Users\LAPTOPS24\.m2\repository\io\cucumber\cucumber-plugin\7.30.0\cucumber-plugin-7.30.0.jar;C:\Users\LAPTOPS24\.m2\repository\io\cucumber\docstring\7.30.0\docstring-7.30.0.jar;C:\Users\LAPTOPS24\.m2\repository\io\cucumber\html-formatter\21.15.1\html-formatter-21.15.1.jar;C:\Users\LAPTOPS24\.m2\repository\io\cucumber\junit-xml-formatter\0.9.0\junit-xml-formatter-0.9.0.jar;C:\Users\LAPTOPS24\.m2\repository\io\cucumber\ci-environment\10.0.1\ci-environment-10.0.1.jar;C:\Users\LAPTOPS24\.m2\repository\org\apiguardian\apiguardian-api\1.1.2\apiguardian-api-1.1.2.jar;C:\Users\LAPTOPS24\.m2\repository\io\cucumber\cucumber-junit\7.30.0\cucumber-junit-7.30.0.jar;C:\Users\LAPTOPS24\.m2\repository\com\fasterxml\jackson\core\jackson-databind\2.20.0\jackson-databind-2.20.0.jar;C:\Users\LAPTOPS24\.m2\repository\com\fasterxml\jackson\core\jackson-annotations\2.20\jackson-annotations-2.20.jar;C:\Users\LAPTOPS24\.m2\repository\com\fasterxml\jackson\core\jackson-core\2.20.0\jackson-core-2.20.0.jar;"/>
    <property name="sun.cpu.endian" value="little"/>
    <property name="user.home" value="C:\Users\LAPTOPS24"/>
    <property name="user.language" value="en"/>
    <property name="java.specification.vendor" value="Oracle Corporation"/>
    <property name="java.version.date" value="2024-07-16"/>
    <property name="java.home" value="C:\Users\LAPTOPS24\.jdks\corretto-22.0.2"/>
    <property name="file.separator" value="\"/>
    <property name="basedir" value="C:\Users\LAPTOPS24\Documents\GitHub\CucumberBDDAutomation"/>
    <property name="style.color" value="always"/>
    <property name="java.vm.compressedOopsMode" value="Zero based"/>
    <property name="line.separator" value="&#10;"/>
    <property name="java.vm.specification.vendor" value="Oracle Corporation"/>
    <property name="java.specification.name" value="Java Platform API Specification"/>
    <property name="surefire.real.class.path" value="C:\Users\LAPTOPS24\AppData\Local\Temp\surefire516525014188301105\surefirebooter-20251014114418169_3.jar"/>
    <property name="user.script" value=""/>
    <property name="sun.management.compiler" value="HotSpot 64-Bit Tiered Compilers"/>
    <property name="java.runtime.version" value="22.0.2+9-FR"/>
    <property name="user.name" value="LAPTOPS24"/>
    <property name="stdout.encoding" value="Cp1252"/>
    <property name="path.separator" value=";"/>
    <property name="os.version" value="10.0"/>
    <property name="java.runtime.name" value="OpenJDK Runtime Environment"/>
    <property name="file.encoding" value="UTF-8"/>
    <property name="java.vm.name" value="OpenJDK 64-Bit Server VM"/>
    <property name="java.vendor.version" value="Corretto-22.0.2.9.1"/>
    <property name="maven.ext.class.path" value="C:\Program Files\JetBrains\IntelliJ IDEA 2025.2.2\plugins\maven\lib\maven-event-listener.jar"/>
    <property name="localRepository" value="C:\Users\LAPTOPS24\.m2\repository"/>
    <property name="java.vendor.url.bug" value="https://github.com/corretto/corretto-22/issues/"/>
    <property name="java.io.tmpdir" value="C:\Users\LAPTOP~1\AppData\Local\Temp\"/>
    <property name="idea.version" value="2025.2.2"/>
    <property name="java.version" value="22.0.2"/>
    <property name="user.dir" value="C:\Users\LAPTOPS24\Documents\GitHub\CucumberBDDAutomation"/>
    <property name="os.arch" value="amd64"/>
    <property name="jansi.passthrough" value="true"/>
    <property name="java.vm.specification.name" value="Java Virtual Machine Specification"/>
    <property name="sun.os.patch.level" value=""/>
    <property name="native.encoding" value="Cp1252"/>
    <property name="java.library.path" value="C:\Users\LAPTOPS24\.jdks\corretto-22.0.2\bin;C:\WINDOWS\Sun\Java\bin;C:\WINDOWS\system32;C:\WINDOWS;C:\WINDOWS\system32;C:\WINDOWS;C:\WINDOWS\System32\Wbem;C:\WINDOWS\System32\WindowsPowerShell\v1.0\;C:\WINDOWS\System32\OpenSSH\;C:\Program Files\nodejs\;C:\Program Files\Git\cmd;C:\Users\LAPTOPS24\AppData\Local\Microsoft\WindowsApps;C:\Program Files\JetBrains\IntelliJ IDEA 2025.2.2\bin;C:\Users\LAPTOPS24\AppData\Roaming\npm;C:\Users\LAPTOPS24\AppData\Local\GitHubDesktop\bin;C:\Users\LAPTOPS24\AppData\Local\Programs\Microsoft VS Code\bin;."/>
    <property name="java.vm.info" value="mixed mode, sharing"/>
    <property name="stderr.encoding" value="Cp1252"/>
    <property name="java.vendor" value="Amazon.com Inc."/>
    <property name="java.vm.version" value="22.0.2+9-FR"/>
    <property name="sun.io.unicode.encoding" value="UnicodeLittle"/>
    <property name="maven.repo.local" value="C:\Users\LAPTOPS24\.m2\repository"/>
    <property name="java.class.version" value="66.0"/>
  </properties>
  <testcase name="Home page default login browser - arg" classname="Application Login" time="0.178">
    <system-out><![CDATA[
@MobileTest
Scenario: Home page default login browser - arg           # file:///C:/Users/LAPTOPS24/Documents/GitHub/CucumberBDDAutomation/src/test/java/features/Login.feature:11
Run before mobile Tests - before hook
Block1 a
  ✔ Given User is on Netbanking landing page              # stepDefinations.stepDefination.user_is_on_netbanking_landing_page()
jinjan
  ✔ When User login into application with "jin" and "jan" # stepDefinations.stepDefination.user_login_into_application_with_something_and_something(java.lang.String,java.lang.String)
Block3 c
  ✔ Then Home page is populated                           # stepDefinations.stepDefination.home_page_is_populated()
truecards
  ✔ And Cards are displayed is "true"                     # stepDefinations.stepDefination.cards_are_displayed_is_something(java.lang.String)
Run after mobile Tests - after hook
]]></system-out>
  </testcase>
  <testcase name="Home page default login failure - arg" classname="Application Login" time="0.004">
    <system-out><![CDATA[
@MobileTest
Scenario: Home page default login failure - arg           # file:///C:/Users/LAPTOPS24/Documents/GitHub/CucumberBDDAutomation/src/test/java/features/Login.feature:18
Run before mobile Tests - before hook
Block1 a
  ✔ Given User is on Netbanking landing page              # stepDefinations.stepDefination.user_is_on_netbanking_landing_page()
pinpan
  ✔ When User login into application with "pin" and "pan" # stepDefinations.stepDefination.user_login_into_application_with_something_and_something(java.lang.String,java.lang.String)
Block3 c
  ✔ Then Home page is populated                           # stepDefinations.stepDefination.home_page_is_populated()
falsecards
  ✔ And Cards are displayed is "false"                    # stepDefinations.stepDefination.cards_are_displayed_is_something(java.lang.String)
Run after mobile Tests - after hook
]]></system-out>
  </testcase>
</testsuite>